Add component: Footprint Not Found HARWIN_M20-9990246
Add component: Footprint Not Found WURTH_61300411121
Add component: Footprint Not Found WURTH_61300411121
Add component: Footprint Not Found WURTH_61300411121
Add component: Footprint Not Found WURTH_61300411121
Add Pin To Net: Unknown Pin: Pin Data Pins-1
Add Pin To Net: Unknown Pin: Pin Data Pins-2
Add Pin To Net: Unknown Pin: Pin Display 1-01
Add Pin To Net: Unknown Pin: Pin Display 1-02
Add Pin To Net: Unknown Pin: Pin Display 1-03
Add Pin To Net: Unknown Pin: Pin Display 1-04
Add Pin To Net: Unknown Pin: Pin Display 2-01
Add Pin To Net: Unknown Pin: Pin Display 2-02
Add Pin To Net: Unknown Pin: Pin Display 2-03
Add Pin To Net: Unknown Pin: Pin Display 2-04
Add Pin To Net: Unknown Pin: Pin Display 3-01
Add Pin To Net: Unknown Pin: Pin Display 3-02
Add Pin To Net: Unknown Pin: Pin Display 3-03
Add Pin To Net: Unknown Pin: Pin Display 3-04
Add Pin To Net: Unknown Pin: Pin Display 4-01
Add Pin To Net: Unknown Pin: Pin Display 4-02
Add Pin To Net: Unknown Pin: Pin Display 4-03
Add Pin To Net: Unknown Pin: Pin Display 4-04
Change Net Name : Old Net Name=3.3V New Net Name=VCC
Add Class Member: Failed to add class member : Component Data Pins M20-9990246
Add Class Member: Failed to add class member : Component Display 1 61300411121
Add Class Member: Failed to add class member : Component Display 2 61300411121
Add Class Member: Failed to add class member : Component Display 3 61300411121
Add Class Member: Failed to add class member : Component Display 4 61300411121
Added Rule: Name=Schematic Supply Nets
Added Rule: Name=Schematic Supply Nets_1
