Removed Pin From Net: NetName=3.3V Pin=5.9KOhm-1
Removed Member From Class: ClassName=Bop_It_Schematic Member=5.9KOhm
Added Component: Designator=2KOhm(RESC5025X70N)
Add component (AddParameter): Name = "Availability"; Value = "Unavailable"; VariantName = "[No Variations]"
Add component (AddParameter): Name = "MF"; Value = ""; VariantName = "[No Variations]"
Add component (AddParameter): Name = "MP"; Value = "ERJ-12ZYJ202U"; VariantName = "[No Variations]"
Add component (AddParameter): Name = "Package"; Value = "None"; VariantName = "[No Variations]"
Add component (AddParameter): Name = "Price"; Value = "None"; VariantName = "[No Variations]"
Add component (AddParameter): Name = "Value"; Value = ""; VariantName = "[No Variations]"
Added Component: Designator=4.7KOhm(RC2010N_PAN)
Add component (AddParameter): Name = "Copyright"; Value = "Copyright (C) 2025 Ultra Librarian. All rights reserved."; VariantName = "[No Variations]"
Add component (AddParameter): Name = "Manufacturer_Name"; Value = "Panasonic"; VariantName = "[No Variations]"
Add component (AddParameter): Name = "Manufacturer_Part_Number"; Value = "ERJ-12ZYJ472U"; VariantName = "[No Variations]"
Add component (AddParameter): Name = "RefDes"; Value = ""; VariantName = "[No Variations]"
Add component (AddParameter): Name = "Type"; Value = ""; VariantName = "[No Variations]"
Add component: Footprint Not Found HARWIN_M20-9990246
Add component: Footprint Not Found WURTH_61300411121
Add component: Footprint Not Found WURTH_61300411121
Add component: Footprint Not Found WURTH_61300411121
Add component: Footprint Not Found WURTH_61300411121
Added Pin To Net: NetName=3.3V Pin=2KOhm-1
Add Pin To Net: Unknown Pin: Pin Data Pins-1
Add Pin To Net: Unknown Pin: Pin Data Pins-2
Add Pin To Net: Unknown Pin: Pin Display 1-01
Add Pin To Net: Unknown Pin: Pin Display 1-02
Add Pin To Net: Unknown Pin: Pin Display 1-03
Add Pin To Net: Unknown Pin: Pin Display 1-04
Add Pin To Net: Unknown Pin: Pin Display 2-01
Add Pin To Net: Unknown Pin: Pin Display 2-02
Add Pin To Net: Unknown Pin: Pin Display 2-03
Add Pin To Net: Unknown Pin: Pin Display 2-04
Add Pin To Net: Unknown Pin: Pin Display 3-01
Add Pin To Net: Unknown Pin: Pin Display 3-02
Add Pin To Net: Unknown Pin: Pin Display 3-03
Add Pin To Net: Unknown Pin: Pin Display 3-04
Add Pin To Net: Unknown Pin: Pin Display 4-01
Add Pin To Net: Unknown Pin: Pin Display 4-02
Add Pin To Net: Unknown Pin: Pin Display 4-03
Add Pin To Net: Unknown Pin: Pin Display 4-04
Added Pin To Net: NetName=2.3V Pin=4.7KOhm-1
Added Net: Name=2.3V
Added Pin To Net: NetName=Net2KOhm_2 Pin=2KOhm-2
Added Pin To Net: NetName=Net2KOhm_2 Pin=4.7KOhm-2
Added Net: Name=Net2KOhm_2
Added Member To Class: ClassName=Bop_It_Schematic Member=Component 2KOhm ERJ-12ZYJ202U
Added Member To Class: ClassName=Bop_It_Schematic Member=Component 4.7KOhm ERJ-12ZYJ472U
Add Class Member: Failed to add class member : Component Data Pins M20-9990246
Add Class Member: Failed to add class member : Component Display 1 61300411121
Add Class Member: Failed to add class member : Component Display 2 61300411121
Add Class Member: Failed to add class member : Component Display 3 61300411121
Add Class Member: Failed to add class member : Component Display 4 61300411121
