Removed Pin From Net: NetName=2.3V Pin=4.7KOhm-1
Removed Pin From Net: NetName=Net2KOhm_2 Pin=4.7KOhm-2
Added Component: Designator=4.7KOhm(RESC3225X70N)
Add component (AddParameter): Name = "Arrow_Electronics-Purchase-URL"; Value = "https://snapeda.com/shop?store=Arrow+Electronics&id=3964293"; VariantName = "[No Variations]"
Add component (AddParameter): Name = "Availability"; Value = "Good"; VariantName = "[No Variations]"
Add component (AddParameter): Name = "DigiKey-Purchase-URL"; Value = "https://snapeda.com/shop?store=DigiKey&id=3964293"; VariantName = "[No Variations]"
Add component (AddParameter): Name = "MF"; Value = "Stackpole Electronics Inc"; VariantName = "[No Variations]"
Add component (AddParameter): Name = "MP"; Value = "RMCF1210JT4K70"; VariantName = "[No Variations]"
Add component (AddParameter): Name = "Package"; Value = "3225 Stackpole"; VariantName = "[No Variations]"
Add component (AddParameter): Name = "Price"; Value = "None"; VariantName = "[No Variations]"
Add component (AddParameter): Name = "SnapEDA_Link"; Value = "https://www.snapeda.com/parts/RMCF1210JT4K70/Stackpole%20Electronics%20Inc/view-part/3964293/?ref=snap"; VariantName = "[No Variations]"
Add component (AddParameter): Name = "Value"; Value = ""; VariantName = "[No Variations]"
Add component: Footprint Not Found HARWIN_M20-9990246
Add component: Footprint Not Found WURTH_61300411121
Add component: Footprint Not Found WURTH_61300411121
Add component: Footprint Not Found WURTH_61300411121
Add component: Footprint Not Found WURTH_61300411121
Added Pin To Net: NetName=Net2KOhm_2 Pin=4.7KOhm-1
Added Pin To Net: NetName=2.3V Pin=4.7KOhm-2
Add Pin To Net: Unknown Pin: Pin Data Pins-1
Add Pin To Net: Unknown Pin: Pin Data Pins-2
Add Pin To Net: Unknown Pin: Pin Display 1-01
Add Pin To Net: Unknown Pin: Pin Display 1-02
Add Pin To Net: Unknown Pin: Pin Display 1-03
Add Pin To Net: Unknown Pin: Pin Display 1-04
Add Pin To Net: Unknown Pin: Pin Display 2-01
Add Pin To Net: Unknown Pin: Pin Display 2-02
Add Pin To Net: Unknown Pin: Pin Display 2-03
Add Pin To Net: Unknown Pin: Pin Display 2-04
Add Pin To Net: Unknown Pin: Pin Display 3-01
Add Pin To Net: Unknown Pin: Pin Display 3-02
Add Pin To Net: Unknown Pin: Pin Display 3-03
Add Pin To Net: Unknown Pin: Pin Display 3-04
Add Pin To Net: Unknown Pin: Pin Display 4-01
Add Pin To Net: Unknown Pin: Pin Display 4-02
Add Pin To Net: Unknown Pin: Pin Display 4-03
Add Pin To Net: Unknown Pin: Pin Display 4-04
Add Class Member: Failed to add class member : Component Data Pins M20-9990246
Add Class Member: Failed to add class member : Component Display 1 61300411121
Add Class Member: Failed to add class member : Component Display 2 61300411121
Add Class Member: Failed to add class member : Component Display 3 61300411121
Add Class Member: Failed to add class member : Component Display 4 61300411121
