Removed Member From Class: ClassName=Bop_It_Schematic Member=800Ohm
Added Component: Designator=ADC(DGS0010A_N)
Add component (AddParameter): Name = "Copyright"; Value = "Copyright (C) 2025 Ultra Librarian. All rights reserved."; VariantName = "[No Variations]"
Add component (AddParameter): Name = "Manufacturer_Name"; Value = "Texas Instruments"; VariantName = "[No Variations]"
Add component (AddParameter): Name = "Manufacturer_Part_Number"; Value = "ADS1115IDGST"; VariantName = "[No Variations]"
Add component (AddParameter): Name = "RefDes"; Value = "RefDes"; VariantName = "[No Variations]"
Add component (AddParameter): Name = "TYPE"; Value = "TYPE"; VariantName = "[No Variations]"
Add component: Footprint Not Found HARWIN_M20-9990246
Add component: Footprint Not Found WURTH_61300411121
Add component: Footprint Not Found WURTH_61300411121
Add component: Footprint Not Found WURTH_61300411121
Add component: Footprint Not Found WURTH_61300411121
Added Pin To Net: NetName=GND Pin=ADC-3
Added Pin To Net: NetName=GREEN Pin=ADC-4
Added Pin To Net: NetName=BLUE Pin=ADC-5
Added Pin To Net: NetName=RED Pin=ADC-6
Added Pin To Net: NetName=3.3V Pin=ADC-8
Added Pin To Net: NetName=NetADC_9 Pin=ADC-9
Added Pin To Net: NetName=NetADC_10 Pin=ADC-10
Add Pin To Net: Unknown Pin: Pin Data Pins-1
Add Pin To Net: Unknown Pin: Pin Data Pins-2
Add Pin To Net: Unknown Pin: Pin Display 1-01
Add Pin To Net: Unknown Pin: Pin Display 1-02
Add Pin To Net: Unknown Pin: Pin Display 1-03
Add Pin To Net: Unknown Pin: Pin Display 1-04
Add Pin To Net: Unknown Pin: Pin Display 2-01
Add Pin To Net: Unknown Pin: Pin Display 2-02
Add Pin To Net: Unknown Pin: Pin Display 2-03
Add Pin To Net: Unknown Pin: Pin Display 2-04
Add Pin To Net: Unknown Pin: Pin Display 3-01
Add Pin To Net: Unknown Pin: Pin Display 3-02
Add Pin To Net: Unknown Pin: Pin Display 3-03
Add Pin To Net: Unknown Pin: Pin Display 3-04
Add Pin To Net: Unknown Pin: Pin Display 4-01
Add Pin To Net: Unknown Pin: Pin Display 4-02
Add Pin To Net: Unknown Pin: Pin Display 4-03
Add Pin To Net: Unknown Pin: Pin Display 4-04
Added Member To Class: ClassName=Bop_It_Schematic Member=Component ADC ADS1115IDGST
Add Class Member: Failed to add class member : Component Data Pins M20-9990246
Add Class Member: Failed to add class member : Component Display 1 61300411121
Add Class Member: Failed to add class member : Component Display 2 61300411121
Add Class Member: Failed to add class member : Component Display 3 61300411121
Add Class Member: Failed to add class member : Component Display 4 61300411121
